<?xml version="1.0" encoding="UTF-8"?>
<!-- Generated by org.testng.reporters.JUnitReportReporter -->
<testsuite skipped="0" hostname="LAPTOP-LMK27VFD" name="com.qa.test.RestAPI_test" tests="2" failures="0" timestamp="2020-03-03T13:27:48 IST" time="8.226" errors="0">
  <testcase name="getAPITestWithoutHeaders" time="7.568" classname="com.qa.test.RestAPI_test"/>
  <system-out/>
  <testcase name="getAPITestWithHeaders" time="0.658" classname="com.qa.test.RestAPI_test"/>
  <system-out/>
</testsuite> <!-- com.qa.test.RestAPI_test -->
